[03-Apr-2017 11:34:26 America/Bogota] PHP Fatal error:  Uncaught exception 'PDOException' with message 'SQLSTATE[HY093]: Invalid parameter number' in /home/ubuntu/workspace/admin/php/system/Database.php:34
Stack trace:
#0 /home/ubuntu/workspace/admin/php/system/Database.php(34): PDOStatement->execute(Array)
#1 /home/ubuntu/workspace/admin/php/system/Querys.php(10): Database->consulta('SELECT id_usuar...', Array)
#2 /home/ubuntu/workspace/admin/php/login/index.php(7): Querys->login('admin', '588df570dda7ba2...')
#3 {main}

Next exception 'Exception' with message 'Database::consultaException Raised for sql: 'SELECT id_usuario FROM usuarios WHERE usuario IN (?) AND clave IN (?) AND estado IN (1) LIMIT 1;' Params: array (
  0 => 'admin',
) Error_Info: array (
  0 => '00000',
  1 => NULL,
  2 => NULL,
)' in /home/ubuntu/workspace/admin/php/system/Database.php:38
Stack trace:
#0 /home/ubuntu/workspace/admin/php/system/Querys.php(10): Database->consulta('SELECT id_usuar...', Array)
#1 /home/ubuntu/workspace/admin/php/login/index.php(7): Querys->login('admin', '588df570dd in /home/ubuntu/workspace/admin/php/system/Database.php on line 38
[03-Apr-2017 11:38:00 America/Bogota] PHP Fatal error:  Uncaught exception 'PDOException' with message 'SQLSTATE[HY093]: Invalid parameter number' in /home/ubuntu/workspace/admin/php/system/Database.php:34
Stack trace:
#0 /home/ubuntu/workspace/admin/php/system/Database.php(34): PDOStatement->execute(Array)
#1 /home/ubuntu/workspace/admin/php/system/Querys.php(10): Database->consulta('SELECT id_usuar...', Array)
#2 /home/ubuntu/workspace/admin/php/login/index.php(7): Querys->login('admin', 'e28f37ecc15c883...')
#3 {main}

Next exception 'Exception' with message 'Database::consultaException Raised for sql: 'SELECT id_usuario FROM usuarios WHERE usuario IN (?) AND clave IN (?) AND estado IN (1) LIMIT 1;' Params: array (
  0 => 'admin',
) Error_Info: array (
  0 => '00000',
  1 => NULL,
  2 => NULL,
)' in /home/ubuntu/workspace/admin/php/system/Database.php:38
Stack trace:
#0 /home/ubuntu/workspace/admin/php/system/Querys.php(10): Database->consulta('SELECT id_usuar...', Array)
#1 /home/ubuntu/workspace/admin/php/login/index.php(7): Querys->login('admin', 'e28f37ecc1 in /home/ubuntu/workspace/admin/php/system/Database.php on line 38
[03-Apr-2017 11:43:57 America/Bogota] PHP Fatal error:  Uncaught exception 'PDOException' with message 'SQLSTATE[HY093]: Invalid parameter number' in /home/ubuntu/workspace/admin/php/system/Database.php:34
Stack trace:
#0 /home/ubuntu/workspace/admin/php/system/Database.php(34): PDOStatement->execute(Array)
#1 /home/ubuntu/workspace/admin/php/system/Querys.php(10): Database->consulta('SELECT id_usuar...', Array)
#2 /home/ubuntu/workspace/admin/php/login/index.php(7): Querys->login(''wq'', ''e31174aa0977dc...')
#3 {main}

Next exception 'Exception' with message 'Database::consultaException Raised for sql: 'SELECT id_usuario FROM usuarios WHERE usuario IN (?) AND clave IN (?) AND estado IN (1) LIMIT 1;' Params: array (
  0 => '\'wq\'',
) Error_Info: array (
  0 => '00000',
  1 => NULL,
  2 => NULL,
)' in /home/ubuntu/workspace/admin/php/system/Database.php:38
Stack trace:
#0 /home/ubuntu/workspace/admin/php/system/Querys.php(10): Database->consulta('SELECT id_usuar...', Array)
#1 /home/ubuntu/workspace/admin/php/login/index.php(7): Querys->login(''wq'', ''e31174aa09 in /home/ubuntu/workspace/admin/php/system/Database.php on line 38
[03-Apr-2017 12:57:40 America/Bogota] PHP Warning:  session_destroy(): Trying to destroy uninitialized session in /home/ubuntu/workspace/admin/php/login/index.php on line 14
[03-Apr-2017 12:57:40 America/Bogota] PHP Stack trace:
[03-Apr-2017 12:57:40 America/Bogota] PHP   1. {main}() /home/ubuntu/workspace/admin/php/login/index.php:0
[03-Apr-2017 12:57:40 America/Bogota] PHP   2. session_destroy() /home/ubuntu/workspace/admin/php/login/index.php:14
[03-Apr-2017 12:58:08 America/Bogota] PHP Warning:  session_destroy(): Trying to destroy uninitialized session in /home/ubuntu/workspace/admin/php/login/index.php on line 14
[03-Apr-2017 12:58:08 America/Bogota] PHP Stack trace:
[03-Apr-2017 12:58:08 America/Bogota] PHP   1. {main}() /home/ubuntu/workspace/admin/php/login/index.php:0
[03-Apr-2017 12:58:08 America/Bogota] PHP   2. session_destroy() /home/ubuntu/workspace/admin/php/login/index.php:14
[03-Apr-2017 13:02:02 America/Bogota] PHP Warning:  session_destroy(): Trying to destroy uninitialized session in /home/ubuntu/workspace/admin/php/login/index.php on line 11
[03-Apr-2017 13:02:02 America/Bogota] PHP Stack trace:
[03-Apr-2017 13:02:02 America/Bogota] PHP   1. {main}() /home/ubuntu/workspace/admin/php/login/index.php:0
[03-Apr-2017 13:02:02 America/Bogota] PHP   2. session_destroy() /home/ubuntu/workspace/admin/php/login/index.php:11
[05-Apr-2017 10:18:11 America/Bogota] PHP Warning:  session_destroy(): Trying to destroy uninitialized session in /home/ubuntu/workspace/admin/php/login/index.php on line 11
[05-Apr-2017 10:18:11 America/Bogota] PHP Stack trace:
[05-Apr-2017 10:18:11 America/Bogota] PHP   1. {main}() /home/ubuntu/workspace/admin/php/login/index.php:0
[05-Apr-2017 10:18:11 America/Bogota] PHP   2. session_destroy() /home/ubuntu/workspace/admin/php/login/index.php:11
[05-Apr-2017 10:41:29 America/Bogota] PHP Warning:  session_destroy(): Trying to destroy uninitialized session in /home/ubuntu/workspace/admin/php/login/index.php on line 11
[05-Apr-2017 10:41:29 America/Bogota] PHP Stack trace:
[05-Apr-2017 10:41:29 America/Bogota] PHP   1. {main}() /home/ubuntu/workspace/admin/php/login/index.php:0
[05-Apr-2017 10:41:29 America/Bogota] PHP   2. session_destroy() /home/ubuntu/workspace/admin/php/login/index.php:11
[05-Apr-2017 10:41:38 America/Bogota] PHP Warning:  session_destroy(): Trying to destroy uninitialized session in /home/ubuntu/workspace/admin/php/login/index.php on line 11
[05-Apr-2017 10:41:38 America/Bogota] PHP Stack trace:
[05-Apr-2017 10:41:38 America/Bogota] PHP   1. {main}() /home/ubuntu/workspace/admin/php/login/index.php:0
[05-Apr-2017 10:41:38 America/Bogota] PHP   2. session_destroy() /home/ubuntu/workspace/admin/php/login/index.php:11
[05-Apr-2017 17:51:40 UTC] PHP Parse error:  syntax error, unexpected '$row_l' (T_VARIABLE) in /home/ubuntu/workspace/admin/php/contenidos/libros.php on line 36
[07-Apr-2017 17:24:01 UTC] PHP Parse error:  syntax error, unexpected 'form' (T_STRING) in /home/ubuntu/workspace/admin/php/contenidos/libros-edit.php on line 40
[07-Apr-2017 12:33:26 America/Bogota] PHP Notice:  Undefined index: estado in /home/ubuntu/workspace/admin/php/contenidos/libros-edit.php on line 62
[07-Apr-2017 12:33:26 America/Bogota] PHP Stack trace:
[07-Apr-2017 12:33:26 America/Bogota] PHP   1. {main}() /home/ubuntu/workspace/admin/php/contenidos/libros-edit.php:0
[07-Apr-2017 12:35:02 America/Bogota] PHP Fatal error:  Uncaught exception 'PDOException' with message 'SQLSTATE[42S02]: Base table or view not found: 1146 Table 'libreria.estado' doesn't exist' in /home/ubuntu/workspace/admin/php/system/Database.php:32
Stack trace:
#0 /home/ubuntu/workspace/admin/php/system/Database.php(32): PDO->prepare('SELECT id_libro...')
#1 /home/ubuntu/workspace/admin/php/system/Querys.php(49): Database->consulta('SELECT id_libro...', Array)
#2 /home/ubuntu/workspace/admin/php/contenidos/libros-edit.php(14): Querys->detLibro('17')
#3 {main}

Next exception 'Exception' with message 'Database::consultaException Raised for sql: 'SELECT id_libro, libro, fecha, caratula, precio, url, inventario, paginas, descripcion, codigo, autor_id, genero_id, editorial_id FROM libros, estado WHERE id_libro IN (?) AND estado IN (1) LIMIT 1;' Params: array (
  0 => '17',
) Error_Info: array (
  0 => '42S02',
  1 => 1146,
  2 => 'Table \'libreria.estado\' doesn\'t exist',
)' in /home/ubuntu/workspace/admin/php/system/Database.php:38
Stack trace:
#0 /home/ubuntu/ in /home/ubuntu/workspace/admin/php/system/Database.php on line 38
[07-Apr-2017 17:47:43 UTC] PHP Parse error:  syntax error, unexpected 'if' (T_IF) in /home/ubuntu/workspace/admin/php/contenidos/libros-edit.php on line 63
[17-Apr-2017 10:18:59 America/Bogota] PHP Notice:  Undefined variable: estadoSelect in /home/ubuntu/workspace/admin/php/contenidos/libros-edit.php on line 84
[17-Apr-2017 10:18:59 America/Bogota] PHP Stack trace:
[17-Apr-2017 10:18:59 America/Bogota] PHP   1. {main}() /home/ubuntu/workspace/admin/php/contenidos/libros-edit.php:0
[17-Apr-2017 10:19:01 America/Bogota] PHP Notice:  Undefined variable: estadoSelect in /home/ubuntu/workspace/admin/php/contenidos/libros-edit.php on line 84
[17-Apr-2017 10:19:01 America/Bogota] PHP Stack trace:
[17-Apr-2017 10:19:01 America/Bogota] PHP   1. {main}() /home/ubuntu/workspace/admin/php/contenidos/libros-edit.php:0
[17-Apr-2017 12:41:05 America/Bogota] PHP Fatal error:  Uncaught exception 'PDOException' with message 'SQLSTATE[HY093]: Invalid parameter number' in /home/ubuntu/workspace/admin/php/system/Database.php:48
Stack trace:
#0 /home/ubuntu/workspace/admin/php/system/Database.php(48): PDOStatement->execute()
#1 /home/ubuntu/workspace/admin/php/system/Querys.php(111): Database->accion('UPDATE libros S...', Array)
#2 /home/ubuntu/workspace/admin/php/system/edit-libro.php(17): Querys->actualizarLibro(Array)
#3 {main}

Next exception 'Exception' with message 'Database::accionException Raised for sql: 'UPDATE libros SET libro = ?, fecha = ?, caratula = ?, inventario = ?, precio = ?, paginas = ?, descripcion = ?, codigo = ?, url = ?, estado = ?, autor_id = ?, editorial_id = ?, genero_id = ? WHERE  id_libro IN (?);' Params: array (
  0 => 'A Lifetime and Beyond.',
  1 => 'December 1, 1988',
  2 => 'a-lifetime-and-beyond.jpg',
  3 => '5',
  4 => '30.5',
  5 => '20',
  6 => '...',
  7 => '',
  8 => 'a-lifetime-and-beyond',
  9 => '1',
  10 => '16',
  11 => '1',
  12 => '6',
) Er in /home/ubuntu/workspace/admin/php/system/Database.php on line 50
[17-Apr-2017 12:44:14 America/Bogota] PHP Fatal error:  Uncaught exception 'PDOException' with message 'SQLSTATE[HY093]: Invalid parameter number' in /home/ubuntu/workspace/admin/php/system/Database.php:48
Stack trace:
#0 /home/ubuntu/workspace/admin/php/system/Database.php(48): PDOStatement->execute()
#1 /home/ubuntu/workspace/admin/php/system/Querys.php(111): Database->accion('UPDATE libros S...', Array)
#2 /home/ubuntu/workspace/admin/php/system/edit-libro.php(17): Querys->actualizarLibro(Array)
#3 {main}

Next exception 'Exception' with message 'Database::accionException Raised for sql: 'UPDATE libros SET libro = ?, fecha = ?, caratula = ?, inventario = ?, precio = ?, paginas = ?, descripcion = ?, codigo = ?, url = ?, estado = ?, autor_id = ?, editorial_id = ?, genero_id = ? WHERE  id_libro IN (?);' Params: array (
  0 => 'A Lifetime and Beyond.',
  1 => 'December 1, 1988',
  2 => 'a-lifetime-and-beyond.jpg',
  3 => '12',
  4 => '30.5',
  5 => '12',
  6 => '...',
  7 => '123',
  8 => 'a-lifetime-and-beyond',
  9 => '1',
  10 => '16',
  11 => '1',
  12 => '6',
 in /home/ubuntu/workspace/admin/php/system/Database.php on line 50
[17-Apr-2017 12:47:29 America/Bogota] PHP Fatal error:  Uncaught exception 'PDOException' with message 'SQLSTATE[HY093]: Invalid parameter number' in /home/ubuntu/workspace/admin/php/system/Database.php:48
Stack trace:
#0 /home/ubuntu/workspace/admin/php/system/Database.php(48): PDOStatement->execute()
#1 /home/ubuntu/workspace/admin/php/system/Querys.php(111): Database->accion('UPDATE libros S...', Array)
#2 /home/ubuntu/workspace/admin/php/system/edit-libro.php(17): Querys->actualizarLibro(Array)
#3 {main}

Next exception 'Exception' with message 'Database::accionException Raised for sql: 'UPDATE libros SET libro = ?, fecha = ?, caratula = ?, inventario = ?, precio = ?, paginas = ?, descripcion = ?, codigo = ?, url = ?, estado = ?, autor_id = ?, editorial_id = ?, genero_id = ? WHERE  id_libro IN (?);' Params: array (
  0 => 'A Lifetime and Beyond.',
  1 => 'December 1, 1988',
  2 => 'a-lifetime-and-beyond.jpg',
  3 => '10',
  4 => '30.5',
  5 => '20',
  6 => 'asdgasg dfg',
  7 => '12',
  8 => 'a-lifetime-and-beyond',
  9 => '1',
  10 => '16',
  11 => '1',
  12 = in /home/ubuntu/workspace/admin/php/system/Database.php on line 50
[17-Apr-2017 12:50:47 America/Bogota] PHP Fatal error:  Uncaught exception 'PDOException' with message 'SQLSTATE[HY093]: Invalid parameter number' in /home/ubuntu/workspace/admin/php/system/Database.php:48
Stack trace:
#0 /home/ubuntu/workspace/admin/php/system/Database.php(48): PDOStatement->execute()
#1 /home/ubuntu/workspace/admin/php/system/Querys.php(111): Database->accion('UPDATE libros S...', Array)
#2 /home/ubuntu/workspace/admin/php/system/edit-libro.php(17): Querys->actualizarLibro(Array)
#3 {main}

Next exception 'Exception' with message 'Database::accionException Raised for sql: 'UPDATE libros SET libro = ?, fecha = ?, caratula = ?, inventario = ?, precio = ?, paginas = ?, descripcion = ?, codigo = ?, url = ?, estado = ?, autor_id = ?, editorial_id = ?, genero_id = ? WHERE id_libro IN (?);' Params: array (
  0 => 'A Lifetime and Beyond',
  1 => 'December 1, 1988',
  2 => 'a-lifetime-and-beyond.jpg',
  3 => '1',
  4 => '30.5',
  5 => '0',
  6 => '',
  7 => '',
  8 => 'a-lifetime-and-beyond',
  9 => '1',
  10 => '16',
  11 => '6',
  12 => '1',
  13 => NU in /home/ubuntu/workspace/admin/php/system/Database.php on line 50
[17-Apr-2017 12:55:59 America/Bogota] PHP Fatal error:  Uncaught exception 'PDOException' with message 'SQLSTATE[HY093]: Invalid parameter number' in /home/ubuntu/workspace/admin/php/system/Database.php:48
Stack trace:
#0 /home/ubuntu/workspace/admin/php/system/Database.php(48): PDOStatement->execute()
#1 /home/ubuntu/workspace/admin/php/system/Querys.php(111): Database->accion('UPDATE libros S...', Array)
#2 /home/ubuntu/workspace/admin/php/system/edit-libro.php(17): Querys->actualizarLibro(Array)
#3 {main}

Next exception 'Exception' with message 'Database::accionException Raised for sql: 'UPDATE libros SET libro = ?, fecha = ?, caratula = ?, inventario = ?, precio = ?, paginas = ?, descripcion = ?, codigo = ?, url = ?, estado = ?, autor_id = ?, editorial_id = ?, genero_id = ? WHERE id_libro IN (?);' Params: array (
  0 => 'A Lifetime and Beyond',
  1 => 'December 1, 1988...',
  2 => 'a-lifetime-and-beyond.jpg',
  3 => '20',
  4 => '30.5',
  5 => '20',
  6 => 'werewqr',
  7 => '4232',
  8 => 'a-lifetime-and-beyond',
  9 => '1',
  10 => '16',
  11 => '6',
  12 => in /home/ubuntu/workspace/admin/php/system/Database.php on line 50
[17-Apr-2017 13:00:50 America/Bogota] PHP Fatal error:  Uncaught exception 'PDOException' with message 'SQLSTATE[HY093]: Invalid parameter number' in /home/ubuntu/workspace/admin/php/system/Database.php:48
Stack trace:
#0 /home/ubuntu/workspace/admin/php/system/Database.php(48): PDOStatement->execute()
#1 /home/ubuntu/workspace/admin/php/system/Querys.php(111): Database->accion('UPDATE libros S...', Array)
#2 /home/ubuntu/workspace/admin/php/system/edit-libro.php(17): Querys->actualizarLibro(Array)
#3 {main}

Next exception 'Exception' with message 'Database::accionException Raised for sql: 'UPDATE libros SET libro = ?, fecha = ?, caratula = ?, inventario = ?, precio = ?, paginas = ?, descripcion = ?, codigo = ?, url = ?, estado = ?, autor_id = ?, editorial_id = ?, genero_id = ? WHERE id_libro IN (?);' Params: array (
  0 => 'A Lifetime and Beyond',
  1 => 'December 1, 1988',
  2 => 'a-lifetime-and-beyond.jpg',
  3 => '1',
  4 => '30.5',
  5 => '0',
  6 => '',
  7 => '',
  8 => 'a-lifetime-and-beyond',
  9 => '1',
  10 => '16',
  11 => '6',
  12 => '1',
  13 => '1 in /home/ubuntu/workspace/admin/php/system/Database.php on line 50
[17-Apr-2017 13:01:05 America/Bogota] PHP Fatal error:  Uncaught exception 'PDOException' with message 'SQLSTATE[HY093]: Invalid parameter number' in /home/ubuntu/workspace/admin/php/system/Database.php:48
Stack trace:
#0 /home/ubuntu/workspace/admin/php/system/Database.php(48): PDOStatement->execute()
#1 /home/ubuntu/workspace/admin/php/system/Querys.php(111): Database->accion('UPDATE libros S...', Array)
#2 /home/ubuntu/workspace/admin/php/system/edit-libro.php(17): Querys->actualizarLibro(Array)
#3 {main}

Next exception 'Exception' with message 'Database::accionException Raised for sql: 'UPDATE libros SET libro = ?, fecha = ?, caratula = ?, inventario = ?, precio = ?, paginas = ?, descripcion = ?, codigo = ?, url = ?, estado = ?, autor_id = ?, editorial_id = ?, genero_id = ? WHERE id_libro IN (?);' Params: array (
  0 => 'A Lifetime and Beyond',
  1 => 'December 1, 1988',
  2 => 'a-lifetime-and-beyond.jpg',
  3 => '1',
  4 => '30.5',
  5 => '0',
  6 => '',
  7 => '',
  8 => 'a-lifetime-and-beyond',
  9 => '1',
  10 => '16',
  11 => '6',
  12 => '1',
  13 => '1 in /home/ubuntu/workspace/admin/php/system/Database.php on line 50
[19-Apr-2017 00:06:42 America/Bogota] PHP Fatal error:  Uncaught exception 'PDOException' with message 'SQLSTATE[HY093]: Invalid parameter number' in /home/ubuntu/workspace/admin/php/system/Database.php:48
Stack trace:
#0 /home/ubuntu/workspace/admin/php/system/Database.php(48): PDOStatement->execute()
#1 /home/ubuntu/workspace/admin/php/system/Querys.php(111): Database->accion('UPDATE libros S...', Array)
#2 /home/ubuntu/workspace/admin/php/system/edit-libro.php(17): Querys->actualizarLibro(Array)
#3 {main}

Next exception 'Exception' with message 'Database::accionException Raised for sql: 'UPDATE libros SET libro = ?, fecha = ?, caratula = ?, inventario = ?, precio = ?, paginas = ?, descripcion = ?, codigo = ?, url = ?, estado = ?, autor_id = ?, editorial_id = ?, genero_id = ? WHERE id_libro IN (?);' Params: array (
  0 => 'A Lifetime and Beyond',
  1 => 'December 1, 1988',
  2 => 'a-lifetime-and-beyond.jpg',
  3 => '1',
  4 => '30.5',
  5 => '0',
  6 => '',
  7 => '',
  8 => 'a-lifetime-and-beyond',
  9 => '1',
  10 => '16',
  11 => '6',
  12 => '1',
  13 => '1 in /home/ubuntu/workspace/admin/php/system/Database.php on line 50
[19-Apr-2017 00:13:31 America/Bogota] PHP Fatal error:  Uncaught exception 'PDOException' with message 'SQLSTATE[HY000]: General error: 2031 ' in /home/ubuntu/workspace/admin/php/system/Database.php:48
Stack trace:
#0 /home/ubuntu/workspace/admin/php/system/Database.php(48): PDOStatement->execute()
#1 /home/ubuntu/workspace/admin/php/system/Querys.php(111): Database->accion('UPDATE libros S...', Array)
#2 /home/ubuntu/workspace/admin/php/system/edit-libro.php(17): Querys->actualizarLibro(Array)
#3 {main}

Next exception 'Exception' with message 'Database::accionException Raised for sql: 'UPDATE libros SET libro = ?, fecha = ?, caratula = ?, inventario = ?, precio = ?, paginas = ?, descripcion = ?, codigo = ?, url = ?, estado = ?, autor_id = ?, editorial_id = ?, genero_id = ? WHERE id_libro IN (?);' Params: array (
  0 => 'A Lifetime and Beyond',
  1 => 'December 1, 1988',
  2 => 'a-lifetime-and-beyond.jpg',
  3 => '1',
  4 => '30.5',
  5 => '0',
  6 => '',
  7 => '',
  8 => 'a-lifetime-and-beyond',
  9 => '1',
  10 => '16',
  11 => '6',
  12 => '1',
  13 => '17',
 in /home/ubuntu/workspace/admin/php/system/Database.php on line 50
[19-Apr-2017 00:20:16 America/Bogota] PHP Fatal error:  Uncaught exception 'PDOException' with message 'SQLSTATE[HY093]: Invalid parameter number' in /home/ubuntu/workspace/admin/php/system/Database.php:48
Stack trace:
#0 /home/ubuntu/workspace/admin/php/system/Database.php(48): PDOStatement->execute()
#1 /home/ubuntu/workspace/admin/php/system/Querys.php(111): Database->accion('UPDATE libros S...', Array)
#2 /home/ubuntu/workspace/admin/php/system/edit-libro.php(17): Querys->actualizarLibro(Array)
#3 {main}

Next exception 'Exception' with message 'Database::accionException Raised for sql: 'UPDATE libros SET libro = ?, fecha = ?, caratula = ?, inventario = ?, precio = ?, paginas = ?, descripcion = ?, codigo = ?, url = ?, estado = ?, autor_id = ?, editorial_id = ?, genero_id = ? WHERE id_libro IN (?);' Params: array (
  0 => 'A Lifetime and Beyond..',
  1 => 'December 1, 1988',
  2 => 'a-lifetime-and-beyond.jpg',
  3 => '1',
  4 => '30.5',
  5 => '0',
  6 => '',
  7 => '',
  8 => 'a-lifetime-and-beyond',
  9 => '1',
  10 => '16',
  11 => '6',
  12 => '1',
  13 =>  in /home/ubuntu/workspace/admin/php/system/Database.php on line 50
[19-Apr-2017 00:25:28 America/Bogota] PHP Fatal error:  Uncaught exception 'PDOException' with message 'SQLSTATE[HY093]: Invalid parameter number' in /home/ubuntu/workspace/admin/php/system/Database.php:48
Stack trace:
#0 /home/ubuntu/workspace/admin/php/system/Database.php(48): PDOStatement->execute()
#1 /home/ubuntu/workspace/admin/php/system/Querys.php(111): Database->accion('UPDATE libros S...', Array)
#2 /home/ubuntu/workspace/admin/php/system/edit-libro.php(17): Querys->actualizarLibro(Array)
#3 {main}

Next exception 'Exception' with message 'Database::accion Exception Raised for sql: 'UPDATE libros SET libro = ?, fecha = ?, caratula = ?, inventario = ?, precio = ?, paginas = ?, descripcion = ?, codigo = ?, url = ?, estado = ?, autor_id = ?, editorial_id = ?, genero_id = ? WHERE id_libro IN (?);' Params: array (
  0 => 'A Lifetime and Beyond,,',
  1 => 'December 1, 1988',
  2 => 'a-lifetime-and-beyond.jpg',
  3 => '1',
  4 => '30.5',
  5 => '0',
  6 => '',
  7 => '',
  8 => 'a-lifetime-and-beyond',
  9 => '1',
  10 => '16',
  11 => '6',
  12 => '1',
  13 => in /home/ubuntu/workspace/admin/php/system/Database.php on line 50
[19-Apr-2017 00:28:28 America/Bogota] PHP Fatal error:  Uncaught exception 'PDOException' with message 'SQLSTATE[42000]: Syntax error or access violation: 1064 You have an error in your SQL syntax; check the manual that corresponds to your MySQL server version for the right syntax to use near 'fecha = ?; caratula = ?; inventario = ?; precio = ?; paginas = ?; descripcion = ' at line 1' in /home/ubuntu/workspace/admin/php/system/Database.php:44
Stack trace:
#0 /home/ubuntu/workspace/admin/php/system/Database.php(44): PDO->prepare('UPDATE libros S...')
#1 /home/ubuntu/workspace/admin/php/system/Querys.php(111): Database->accion('UPDATE libros S...', Array)
#2 /home/ubuntu/workspace/admin/php/system/edit-libro.php(17): Querys->actualizarLibro(Array)
#3 {main}

Next exception 'Exception' with message 'Database::accion Exception Raised for sql: 'UPDATE libros SET libro = ?; fecha = ?; caratula = ?; inventario = ?; precio = ?; paginas = ?; descripcion = ?; codigo = ?; url = ?; estado = ?; autor_id = ?; editorial_id = ?; genero_id = ? WHERE id_libro IN (?);' Params: array in /home/ubuntu/workspace/admin/php/system/Database.php on line 50
[19-Apr-2017 00:29:30 America/Bogota] PHP Fatal error:  Uncaught exception 'PDOException' with message 'SQLSTATE[HY093]: Invalid parameter number' in /home/ubuntu/workspace/admin/php/system/Database.php:48
Stack trace:
#0 /home/ubuntu/workspace/admin/php/system/Database.php(48): PDOStatement->execute()
#1 /home/ubuntu/workspace/admin/php/system/Querys.php(111): Database->accion('UPDATE libros S...', Array)
#2 /home/ubuntu/workspace/admin/php/system/edit-libro.php(17): Querys->actualizarLibro(Array)
#3 {main}

Next exception 'Exception' with message 'Database::accion Exception Raised for sql: 'UPDATE libros SET libro = ?, fecha = ?, caratula = ?, inventario = ?, precio = ?, paginas = ?, descripcion = ?, codigo = ?, url = ?, estado = ?, autor_id = ?, editorial_id = ?, genero_id = ? WHERE id_libro IN (?);' Params: array (
  0 => 'A Lifetime and Beyond..',
  1 => 'December 1, 1988',
  2 => 'a-lifetime-and-beyond.jpg',
  3 => '1',
  4 => '30.5',
  5 => '0',
  6 => '',
  7 => '',
  8 => 'a-lifetime-and-beyond',
  9 => '1',
  10 => '16',
  11 => '6',
  12 => '1',
  13 => in /home/ubuntu/workspace/admin/php/system/Database.php on line 50
[19-Apr-2017 01:00:16 America/Bogota] PHP Fatal error:  Uncaught exception 'PDOException' with message 'SQLSTATE[HY093]: Invalid parameter number' in /home/ubuntu/workspace/admin/php/system/Database.php:48
Stack trace:
#0 /home/ubuntu/workspace/admin/php/system/Database.php(48): PDOStatement->execute()
#1 /home/ubuntu/workspace/admin/php/system/Querys.php(111): Database->accion('UPDATE libros S...', Array)
#2 /home/ubuntu/workspace/admin/php/system/edit-libro.php(18): Querys->actualizarLibro(Array)
#3 {main}

Next exception 'Exception' with message 'Database::accion Exception Raised for sql: 'UPDATE libros SET libro = ?, fecha = ? WHERE id_libro IN (?);' Params: array (
  0 => 'A Lifetime and Beyond--',
  1 => 'December 1, 1998',
  2 => '17',
) Error_Info: array (
  0 => '00000',
  1 => NULL,
  2 => NULL,
)' in /home/ubuntu/workspace/admin/php/system/Database.php:50
Stack trace:
#0 /home/ubuntu/workspace/admin/php/system/Querys.php(111): Database->accion('UPDATE libros S...', Array)
#1 /home/ubuntu/workspace/admin/php/system/edit-libro.php(18): Querys->actualizarL in /home/ubuntu/workspace/admin/php/system/Database.php on line 50
[19-Apr-2017 01:01:18 America/Bogota] PHP Fatal error:  Uncaught exception 'PDOException' with message 'SQLSTATE[HY093]: Invalid parameter number' in /home/ubuntu/workspace/admin/php/system/Database.php:48
Stack trace:
#0 /home/ubuntu/workspace/admin/php/system/Database.php(48): PDOStatement->execute()
#1 /home/ubuntu/workspace/admin/php/system/Querys.php(111): Database->accion('UPDATE libros S...', Array)
#2 /home/ubuntu/workspace/admin/php/system/edit-libro.php(18): Querys->actualizarLibro(Array)
#3 {main}

Next exception 'Exception' with message 'Database::accion Exception Raised for sql: 'UPDATE libros SET libro = ?, fecha = ? WHERE id_libro IN (?);' Params: array (
  0 => 'A Lifetime and Beyond--',
  1 => 'December 1, 1989',
  2 => '17',
) Error_Info: array (
  0 => '00000',
  1 => NULL,
  2 => NULL,
)' in /home/ubuntu/workspace/admin/php/system/Database.php:50
Stack trace:
#0 /home/ubuntu/workspace/admin/php/system/Querys.php(111): Database->accion('UPDATE libros S...', Array)
#1 /home/ubuntu/workspace/admin/php/system/edit-libro.php(18): Querys->actualizarL in /home/ubuntu/workspace/admin/php/system/Database.php on line 50
[19-Apr-2017 01:15:32 America/Bogota] PHP Fatal error:  Uncaught exception 'PDOException' with message 'SQLSTATE[HY093]: Invalid parameter number' in /home/ubuntu/workspace/admin/php/system/Database.php:51
Stack trace:
#0 /home/ubuntu/workspace/admin/php/system/Database.php(51): PDOStatement->execute()
#1 /home/ubuntu/workspace/admin/php/system/Querys.php(111): Database->accion('UPDATE libros S...', Array)
#2 /home/ubuntu/workspace/admin/php/system/edit-libro.php(18): Querys->actualizarLibro(Array)
#3 {main}

Next exception 'Exception' with message 'Database::accion Exception Raised for sql: 'UPDATE libros SET libro = ?, fecha = ? WHERE id_libro IN (?);' Params: array (
  0 => 'A Lifetime and Beyond---',
  1 => 'December 1, 1989',
  2 => '17',
) Error_Info: array (
  0 => '00000',
  1 => NULL,
  2 => NULL,
)' in /home/ubuntu/workspace/admin/php/system/Database.php:53
Stack trace:
#0 /home/ubuntu/workspace/admin/php/system/Querys.php(111): Database->accion('UPDATE libros S...', Array)
#1 /home/ubuntu/workspace/admin/php/system/edit-libro.php(18): Querys->actualizar in /home/ubuntu/workspace/admin/php/system/Database.php on line 53
