[01-Mar-2017 17:54:26 UTC] PHP Warning:  require_once(assets/php/system/globals.php): failed to open stream: No such file or directory in /home/ubuntu/workspace/assets/php/contenidos/municipios.php on line 2
[01-Mar-2017 17:54:26 UTC] PHP Stack trace:
[01-Mar-2017 17:54:26 UTC] PHP   1. {main}() /home/ubuntu/workspace/assets/php/contenidos/municipios.php:0
[01-Mar-2017 17:54:26 UTC] PHP Fatal error:  require_once(): Failed opening required 'assets/php/system/globals.php' (include_path='.:/usr/share/php:/usr/share/pear') in /home/ubuntu/workspace/assets/php/contenidos/municipios.php on line 2
[01-Mar-2017 17:54:26 UTC] PHP Stack trace:
[01-Mar-2017 17:54:26 UTC] PHP   1. {main}() /home/ubuntu/workspace/assets/php/contenidos/municipios.php:0
[01-Mar-2017 12:55:47 America/Bogota] PHP Warning:  require_once(assets/php/system/Database.php): failed to open stream: No such file or directory in /home/ubuntu/workspace/assets/php/contenidos/municipios.php on line 3
[01-Mar-2017 12:55:47 America/Bogota] PHP Stack trace:
[01-Mar-2017 12:55:47 America/Bogota] PHP   1. {main}() /home/ubuntu/workspace/assets/php/contenidos/municipios.php:0
[01-Mar-2017 12:55:47 America/Bogota] PHP Fatal error:  require_once(): Failed opening required 'assets/php/system/Database.php' (include_path='.:/usr/share/php:/usr/share/pear') in /home/ubuntu/workspace/assets/php/contenidos/municipios.php on line 3
[01-Mar-2017 12:55:47 America/Bogota] PHP Stack trace:
[01-Mar-2017 12:55:47 America/Bogota] PHP   1. {main}() /home/ubuntu/workspace/assets/php/contenidos/municipios.php:0
[01-Mar-2017 12:56:32 America/Bogota] PHP Warning:  require_once(assets/php/system/Database.php): failed to open stream: No such file or directory in /home/ubuntu/workspace/assets/php/contenidos/municipios.php on line 3
[01-Mar-2017 12:56:32 America/Bogota] PHP Stack trace:
[01-Mar-2017 12:56:32 America/Bogota] PHP   1. {main}() /home/ubuntu/workspace/assets/php/contenidos/municipios.php:0
[01-Mar-2017 12:56:32 America/Bogota] PHP Fatal error:  require_once(): Failed opening required 'assets/php/system/Database.php' (include_path='.:/usr/share/php:/usr/share/pear') in /home/ubuntu/workspace/assets/php/contenidos/municipios.php on line 3
[01-Mar-2017 12:56:32 America/Bogota] PHP Stack trace:
[01-Mar-2017 12:56:32 America/Bogota] PHP   1. {main}() /home/ubuntu/workspace/assets/php/contenidos/municipios.php:0
[01-Mar-2017 12:57:50 America/Bogota] PHP Fatal error:  Class 'Querys' not found in /home/ubuntu/workspace/assets/php/contenidos/municipios.php on line 5
[01-Mar-2017 12:57:50 America/Bogota] PHP Stack trace:
[01-Mar-2017 12:57:50 America/Bogota] PHP   1. {main}() /home/ubuntu/workspace/assets/php/contenidos/municipios.php:0
[01-Mar-2017 12:58:13 America/Bogota] PHP Fatal error:  Class 'Querys' not found in /home/ubuntu/workspace/assets/php/contenidos/municipios.php on line 4
[01-Mar-2017 12:58:13 America/Bogota] PHP Stack trace:
[01-Mar-2017 12:58:13 America/Bogota] PHP   1. {main}() /home/ubuntu/workspace/assets/php/contenidos/municipios.php:0
[01-Mar-2017 12:59:04 America/Bogota] PHP Warning:  require_once(assets/php/system/Database.php): failed to open stream: No such file or directory in /home/ubuntu/workspace/assets/php/contenidos/municipios.php on line 3
[01-Mar-2017 12:59:04 America/Bogota] PHP Stack trace:
[01-Mar-2017 12:59:04 America/Bogota] PHP   1. {main}() /home/ubuntu/workspace/assets/php/contenidos/municipios.php:0
[01-Mar-2017 12:59:04 America/Bogota] PHP Fatal error:  require_once(): Failed opening required 'assets/php/system/Database.php' (include_path='.:/usr/share/php:/usr/share/pear') in /home/ubuntu/workspace/assets/php/contenidos/municipios.php on line 3
[01-Mar-2017 12:59:04 America/Bogota] PHP Stack trace:
[01-Mar-2017 12:59:04 America/Bogota] PHP   1. {main}() /home/ubuntu/workspace/assets/php/contenidos/municipios.php:0
[01-Mar-2017 12:59:48 America/Bogota] PHP Fatal error:  Using $this when not in object context in /home/ubuntu/workspace/assets/php/contenidos/municipios.php on line 9
[01-Mar-2017 12:59:48 America/Bogota] PHP Stack trace:
[01-Mar-2017 12:59:48 America/Bogota] PHP   1. {main}() /home/ubuntu/workspace/assets/php/contenidos/municipios.php:0
[01-Mar-2017 13:00:22 America/Bogota] PHP Fatal error:  Using $this when not in object context in /home/ubuntu/workspace/assets/php/contenidos/municipios.php on line 6
[01-Mar-2017 13:00:22 America/Bogota] PHP Stack trace:
[01-Mar-2017 13:00:22 America/Bogota] PHP   1. {main}() /home/ubuntu/workspace/assets/php/contenidos/municipios.php:0
[01-Mar-2017 13:01:17 America/Bogota] PHP Notice:  Undefined property: Database::$conn in /home/ubuntu/workspace/assets/php/contenidos/municipios.php on line 9
[01-Mar-2017 13:01:17 America/Bogota] PHP Stack trace:
[01-Mar-2017 13:01:17 America/Bogota] PHP   1. {main}() /home/ubuntu/workspace/assets/php/contenidos/municipios.php:0
[01-Mar-2017 13:01:17 America/Bogota] PHP Fatal error:  Call to a member function consulta() on a non-object in /home/ubuntu/workspace/assets/php/contenidos/municipios.php on line 9
[01-Mar-2017 13:01:17 America/Bogota] PHP Stack trace:
[01-Mar-2017 13:01:17 America/Bogota] PHP   1. {main}() /home/ubuntu/workspace/assets/php/contenidos/municipios.php:0
[01-Mar-2017 13:01:53 America/Bogota] PHP Notice:  Array to string conversion in /home/ubuntu/workspace/assets/php/contenidos/municipios.php on line 12
[01-Mar-2017 13:01:53 America/Bogota] PHP Stack trace:
[01-Mar-2017 13:01:53 America/Bogota] PHP   1. {main}() /home/ubuntu/workspace/assets/php/contenidos/municipios.php:0
[01-Mar-2017 21:38:31 UTC] PHP Parse error:  syntax error, unexpected '"' in /home/ubuntu/workspace/assets/php/contenidos/municipios.php on line 15
[01-Mar-2017 16:45:31 America/Bogota] PHP Notice:  Undefined variable: json in /home/ubuntu/workspace/assets/php/contenidos/municipios.php on line 20
[01-Mar-2017 16:45:31 America/Bogota] PHP Stack trace:
[01-Mar-2017 16:45:31 America/Bogota] PHP   1. {main}() /home/ubuntu/workspace/assets/php/contenidos/municipios.php:0
[01-Mar-2017 16:53:41 America/Bogota] PHP Notice:  Undefined variable: json in /home/ubuntu/workspace/assets/php/contenidos/municipios.php on line 26
[01-Mar-2017 16:53:41 America/Bogota] PHP Stack trace:
[01-Mar-2017 16:53:41 America/Bogota] PHP   1. {main}() /home/ubuntu/workspace/assets/php/contenidos/municipios.php:0
[01-Mar-2017 16:54:07 America/Bogota] PHP Notice:  Undefined variable: json in /home/ubuntu/workspace/assets/php/contenidos/municipios.php on line 26
[01-Mar-2017 16:54:07 America/Bogota] PHP Stack trace:
[01-Mar-2017 16:54:07 America/Bogota] PHP   1. {main}() /home/ubuntu/workspace/assets/php/contenidos/municipios.php:0
[01-Mar-2017 16:54:18 America/Bogota] PHP Notice:  Undefined variable: json in /home/ubuntu/workspace/assets/php/contenidos/municipios.php on line 26
[01-Mar-2017 16:54:18 America/Bogota] PHP Stack trace:
[01-Mar-2017 16:54:18 America/Bogota] PHP   1. {main}() /home/ubuntu/workspace/assets/php/contenidos/municipios.php:0
[03-Mar-2017 11:10:20 America/Bogota] PHP Notice:  Undefined variable: json in /home/ubuntu/workspace/assets/php/contenidos/municipios.php on line 13
[03-Mar-2017 11:10:20 America/Bogota] PHP Stack trace:
[03-Mar-2017 11:10:20 America/Bogota] PHP   1. {main}() /home/ubuntu/workspace/assets/php/contenidos/municipios.php:0
[28-Apr-2017 16:56:35 UTC] PHP Warning:  require_once(assets/php/system/globals.php): failed to open stream: No such file or directory in /home/ubuntu/workspace/assets/php/contenidos/carro.php on line 2
[28-Apr-2017 16:56:35 UTC] PHP Stack trace:
[28-Apr-2017 16:56:35 UTC] PHP   1. {main}() /home/ubuntu/workspace/assets/php/contenidos/carro.php:0
[28-Apr-2017 16:56:35 UTC] PHP Fatal error:  require_once(): Failed opening required 'assets/php/system/globals.php' (include_path='.:/usr/share/php:/usr/share/pear') in /home/ubuntu/workspace/assets/php/contenidos/carro.php on line 2
[28-Apr-2017 16:56:35 UTC] PHP Stack trace:
[28-Apr-2017 16:56:35 UTC] PHP   1. {main}() /home/ubuntu/workspace/assets/php/contenidos/carro.php:0
[28-Apr-2017 16:57:12 UTC] PHP Warning:  require_once(assets/php/system/globals.php): failed to open stream: No such file or directory in /home/ubuntu/workspace/assets/php/contenidos/carro.php on line 2
[28-Apr-2017 16:57:12 UTC] PHP Stack trace:
[28-Apr-2017 16:57:12 UTC] PHP   1. {main}() /home/ubuntu/workspace/assets/php/contenidos/carro.php:0
[28-Apr-2017 16:57:12 UTC] PHP Fatal error:  require_once(): Failed opening required 'assets/php/system/globals.php' (include_path='.:/usr/share/php:/usr/share/pear') in /home/ubuntu/workspace/assets/php/contenidos/carro.php on line 2
[28-Apr-2017 16:57:12 UTC] PHP Stack trace:
[28-Apr-2017 16:57:12 UTC] PHP   1. {main}() /home/ubuntu/workspace/assets/php/contenidos/carro.php:0
[28-Apr-2017 16:57:24 UTC] PHP Warning:  require_once(assets/php/system/globals.php): failed to open stream: No such file or directory in /home/ubuntu/workspace/assets/php/contenidos/carro.php on line 2
[28-Apr-2017 16:57:24 UTC] PHP Stack trace:
[28-Apr-2017 16:57:24 UTC] PHP   1. {main}() /home/ubuntu/workspace/assets/php/contenidos/carro.php:0
[28-Apr-2017 16:57:24 UTC] PHP Fatal error:  require_once(): Failed opening required 'assets/php/system/globals.php' (include_path='.:/usr/share/php:/usr/share/pear') in /home/ubuntu/workspace/assets/php/contenidos/carro.php on line 2
[28-Apr-2017 16:57:24 UTC] PHP Stack trace:
[28-Apr-2017 16:57:24 UTC] PHP   1. {main}() /home/ubuntu/workspace/assets/php/contenidos/carro.php:0
[28-Apr-2017 16:57:49 UTC] PHP Warning:  require_once(assets/php/system/globals.php): failed to open stream: No such file or directory in /home/ubuntu/workspace/assets/php/contenidos/carro.php on line 2
[28-Apr-2017 16:57:49 UTC] PHP Stack trace:
[28-Apr-2017 16:57:49 UTC] PHP   1. {main}() /home/ubuntu/workspace/assets/php/contenidos/carro.php:0
[28-Apr-2017 16:57:49 UTC] PHP Fatal error:  require_once(): Failed opening required 'assets/php/system/globals.php' (include_path='.:/usr/share/php:/usr/share/pear') in /home/ubuntu/workspace/assets/php/contenidos/carro.php on line 2
[28-Apr-2017 16:57:49 UTC] PHP Stack trace:
[28-Apr-2017 16:57:49 UTC] PHP   1. {main}() /home/ubuntu/workspace/assets/php/contenidos/carro.php:0
[28-Apr-2017 16:58:08 UTC] PHP Warning:  require_once(assets/php/system/globals.php): failed to open stream: No such file or directory in /home/ubuntu/workspace/assets/php/contenidos/carro.php on line 2
[28-Apr-2017 16:58:08 UTC] PHP Stack trace:
[28-Apr-2017 16:58:08 UTC] PHP   1. {main}() /home/ubuntu/workspace/assets/php/contenidos/carro.php:0
[28-Apr-2017 16:58:08 UTC] PHP Fatal error:  require_once(): Failed opening required 'assets/php/system/globals.php' (include_path='.:/usr/share/php:/usr/share/pear') in /home/ubuntu/workspace/assets/php/contenidos/carro.php on line 2
[28-Apr-2017 16:58:08 UTC] PHP Stack trace:
[28-Apr-2017 16:58:08 UTC] PHP   1. {main}() /home/ubuntu/workspace/assets/php/contenidos/carro.php:0
[28-Apr-2017 16:59:23 UTC] PHP Warning:  require_once(assets/php/system/globals.php): failed to open stream: No such file or directory in /home/ubuntu/workspace/assets/php/contenidos/carro.php on line 2
[28-Apr-2017 16:59:23 UTC] PHP Stack trace:
[28-Apr-2017 16:59:23 UTC] PHP   1. {main}() /home/ubuntu/workspace/assets/php/contenidos/carro.php:0
[28-Apr-2017 16:59:23 UTC] PHP Fatal error:  require_once(): Failed opening required 'assets/php/system/globals.php' (include_path='.:/usr/share/php:/usr/share/pear') in /home/ubuntu/workspace/assets/php/contenidos/carro.php on line 2
[28-Apr-2017 16:59:23 UTC] PHP Stack trace:
[28-Apr-2017 16:59:23 UTC] PHP   1. {main}() /home/ubuntu/workspace/assets/php/contenidos/carro.php:0
[28-Apr-2017 16:59:25 UTC] PHP Warning:  require_once(assets/php/system/globals.php): failed to open stream: No such file or directory in /home/ubuntu/workspace/assets/php/contenidos/carro.php on line 2
[28-Apr-2017 16:59:25 UTC] PHP Stack trace:
[28-Apr-2017 16:59:25 UTC] PHP   1. {main}() /home/ubuntu/workspace/assets/php/contenidos/carro.php:0
[28-Apr-2017 16:59:25 UTC] PHP Fatal error:  require_once(): Failed opening required 'assets/php/system/globals.php' (include_path='.:/usr/share/php:/usr/share/pear') in /home/ubuntu/workspace/assets/php/contenidos/carro.php on line 2
[28-Apr-2017 16:59:25 UTC] PHP Stack trace:
[28-Apr-2017 16:59:25 UTC] PHP   1. {main}() /home/ubuntu/workspace/assets/php/contenidos/carro.php:0
[28-Apr-2017 16:59:31 UTC] PHP Warning:  require_once(assets/php/system/globals.php): failed to open stream: No such file or directory in /home/ubuntu/workspace/assets/php/contenidos/carro.php on line 2
[28-Apr-2017 16:59:31 UTC] PHP Stack trace:
[28-Apr-2017 16:59:31 UTC] PHP   1. {main}() /home/ubuntu/workspace/assets/php/contenidos/carro.php:0
[28-Apr-2017 16:59:31 UTC] PHP Fatal error:  require_once(): Failed opening required 'assets/php/system/globals.php' (include_path='.:/usr/share/php:/usr/share/pear') in /home/ubuntu/workspace/assets/php/contenidos/carro.php on line 2
[28-Apr-2017 16:59:31 UTC] PHP Stack trace:
[28-Apr-2017 16:59:31 UTC] PHP   1. {main}() /home/ubuntu/workspace/assets/php/contenidos/carro.php:0
[28-Apr-2017 16:59:35 UTC] PHP Warning:  require_once(assets/php/system/globals.php): failed to open stream: No such file or directory in /home/ubuntu/workspace/assets/php/contenidos/carro.php on line 2
[28-Apr-2017 16:59:35 UTC] PHP Stack trace:
[28-Apr-2017 16:59:35 UTC] PHP   1. {main}() /home/ubuntu/workspace/assets/php/contenidos/carro.php:0
[28-Apr-2017 16:59:35 UTC] PHP Fatal error:  require_once(): Failed opening required 'assets/php/system/globals.php' (include_path='.:/usr/share/php:/usr/share/pear') in /home/ubuntu/workspace/assets/php/contenidos/carro.php on line 2
[28-Apr-2017 16:59:35 UTC] PHP Stack trace:
[28-Apr-2017 16:59:35 UTC] PHP   1. {main}() /home/ubuntu/workspace/assets/php/contenidos/carro.php:0
[28-Apr-2017 16:59:37 UTC] PHP Warning:  require_once(assets/php/system/globals.php): failed to open stream: No such file or directory in /home/ubuntu/workspace/assets/php/contenidos/carro.php on line 2
[28-Apr-2017 16:59:37 UTC] PHP Stack trace:
[28-Apr-2017 16:59:37 UTC] PHP   1. {main}() /home/ubuntu/workspace/assets/php/contenidos/carro.php:0
[28-Apr-2017 16:59:37 UTC] PHP Fatal error:  require_once(): Failed opening required 'assets/php/system/globals.php' (include_path='.:/usr/share/php:/usr/share/pear') in /home/ubuntu/workspace/assets/php/contenidos/carro.php on line 2
[28-Apr-2017 16:59:37 UTC] PHP Stack trace:
[28-Apr-2017 16:59:37 UTC] PHP   1. {main}() /home/ubuntu/workspace/assets/php/contenidos/carro.php:0
[28-Apr-2017 16:59:38 UTC] PHP Warning:  require_once(assets/php/system/globals.php): failed to open stream: No such file or directory in /home/ubuntu/workspace/assets/php/contenidos/carro.php on line 2
[28-Apr-2017 16:59:38 UTC] PHP Stack trace:
[28-Apr-2017 16:59:38 UTC] PHP   1. {main}() /home/ubuntu/workspace/assets/php/contenidos/carro.php:0
[28-Apr-2017 16:59:38 UTC] PHP Fatal error:  require_once(): Failed opening required 'assets/php/system/globals.php' (include_path='.:/usr/share/php:/usr/share/pear') in /home/ubuntu/workspace/assets/php/contenidos/carro.php on line 2
[28-Apr-2017 16:59:38 UTC] PHP Stack trace:
[28-Apr-2017 16:59:38 UTC] PHP   1. {main}() /home/ubuntu/workspace/assets/php/contenidos/carro.php:0
[28-Apr-2017 17:04:53 UTC] PHP Warning:  require_once(assets/php/system/globals.php): failed to open stream: No such file or directory in /home/ubuntu/workspace/assets/php/contenidos/carro.php on line 2
[28-Apr-2017 17:04:53 UTC] PHP Stack trace:
[28-Apr-2017 17:04:53 UTC] PHP   1. {main}() /home/ubuntu/workspace/assets/php/contenidos/carro.php:0
[28-Apr-2017 17:04:53 UTC] PHP Fatal error:  require_once(): Failed opening required 'assets/php/system/globals.php' (include_path='.:/usr/share/php:/usr/share/pear') in /home/ubuntu/workspace/assets/php/contenidos/carro.php on line 2
[28-Apr-2017 17:04:53 UTC] PHP Stack trace:
[28-Apr-2017 17:04:53 UTC] PHP   1. {main}() /home/ubuntu/workspace/assets/php/contenidos/carro.php:0
[28-Apr-2017 17:06:51 UTC] PHP Warning:  require_once(/assets/php/system/globals.php): failed to open stream: No such file or directory in /home/ubuntu/workspace/assets/php/contenidos/carro.php on line 2
[28-Apr-2017 17:06:51 UTC] PHP Stack trace:
[28-Apr-2017 17:06:51 UTC] PHP   1. {main}() /home/ubuntu/workspace/assets/php/contenidos/carro.php:0
[28-Apr-2017 17:06:51 UTC] PHP Fatal error:  require_once(): Failed opening required '/assets/php/system/globals.php' (include_path='.:/usr/share/php:/usr/share/pear') in /home/ubuntu/workspace/assets/php/contenidos/carro.php on line 2
[28-Apr-2017 17:06:51 UTC] PHP Stack trace:
[28-Apr-2017 17:06:51 UTC] PHP   1. {main}() /home/ubuntu/workspace/assets/php/contenidos/carro.php:0
[28-Apr-2017 17:08:14 UTC] PHP Warning:  require_once(assets/php/system/globals.php): failed to open stream: No such file or directory in /home/ubuntu/workspace/assets/php/contenidos/carro.php on line 2
[28-Apr-2017 17:08:14 UTC] PHP Stack trace:
[28-Apr-2017 17:08:14 UTC] PHP   1. {main}() /home/ubuntu/workspace/assets/php/contenidos/carro.php:0
[28-Apr-2017 17:08:14 UTC] PHP Fatal error:  require_once(): Failed opening required 'assets/php/system/globals.php' (include_path='.:/usr/share/php:/usr/share/pear') in /home/ubuntu/workspace/assets/php/contenidos/carro.php on line 2
[28-Apr-2017 17:08:14 UTC] PHP Stack trace:
[28-Apr-2017 17:08:14 UTC] PHP   1. {main}() /home/ubuntu/workspace/assets/php/contenidos/carro.php:0
[28-Apr-2017 17:09:05 UTC] PHP Warning:  require_once(assets/php/system/globals.php): failed to open stream: No such file or directory in /home/ubuntu/workspace/assets/php/contenidos/carro.php on line 2
[28-Apr-2017 17:09:05 UTC] PHP Stack trace:
[28-Apr-2017 17:09:05 UTC] PHP   1. {main}() /home/ubuntu/workspace/assets/php/contenidos/carro.php:0
[28-Apr-2017 17:09:05 UTC] PHP Fatal error:  require_once(): Failed opening required 'assets/php/system/globals.php' (include_path='.:/usr/share/php:/usr/share/pear') in /home/ubuntu/workspace/assets/php/contenidos/carro.php on line 2
[28-Apr-2017 17:09:05 UTC] PHP Stack trace:
[28-Apr-2017 17:09:05 UTC] PHP   1. {main}() /home/ubuntu/workspace/assets/php/contenidos/carro.php:0
[28-Apr-2017 17:09:48 UTC] PHP Parse error:  syntax error, unexpected ';' in /home/ubuntu/workspace/assets/php/contenidos/carro.php on line 2
[28-Apr-2017 17:10:12 UTC] PHP Warning:  require_once(assets/php/system/globals.php): failed to open stream: No such file or directory in /home/ubuntu/workspace/assets/php/contenidos/carro.php on line 3
[28-Apr-2017 17:10:12 UTC] PHP Stack trace:
[28-Apr-2017 17:10:12 UTC] PHP   1. {main}() /home/ubuntu/workspace/assets/php/contenidos/carro.php:0
[28-Apr-2017 17:10:12 UTC] PHP Fatal error:  require_once(): Failed opening required 'assets/php/system/globals.php' (include_path='.:/usr/share/php:/usr/share/pear') in /home/ubuntu/workspace/assets/php/contenidos/carro.php on line 3
[28-Apr-2017 17:10:12 UTC] PHP Stack trace:
[28-Apr-2017 17:10:12 UTC] PHP   1. {main}() /home/ubuntu/workspace/assets/php/contenidos/carro.php:0
[28-Apr-2017 12:10:32 America/Bogota] PHP Warning:  require_once(assets/php/system/Database.php): failed to open stream: No such file or directory in /home/ubuntu/workspace/assets/php/contenidos/carro.php on line 4
[28-Apr-2017 12:10:32 America/Bogota] PHP Stack trace:
[28-Apr-2017 12:10:32 America/Bogota] PHP   1. {main}() /home/ubuntu/workspace/assets/php/contenidos/carro.php:0
[28-Apr-2017 12:10:32 America/Bogota] PHP Fatal error:  require_once(): Failed opening required 'assets/php/system/Database.php' (include_path='.:/usr/share/php:/usr/share/pear') in /home/ubuntu/workspace/assets/php/contenidos/carro.php on line 4
[28-Apr-2017 12:10:32 America/Bogota] PHP Stack trace:
[28-Apr-2017 12:10:32 America/Bogota] PHP   1. {main}() /home/ubuntu/workspace/assets/php/contenidos/carro.php:0
[28-Apr-2017 12:22:44 America/Bogota] PHP Catchable fatal error:  Object of class stdClass could not be converted to string in /home/ubuntu/workspace/assets/php/contenidos/carro.php on line 5
[28-Apr-2017 12:22:44 America/Bogota] PHP Stack trace:
[28-Apr-2017 12:22:44 America/Bogota] PHP   1. {main}() /home/ubuntu/workspace/assets/php/contenidos/carro.php:0
[28-Apr-2017 12:23:22 America/Bogota] PHP Notice:  Array to string conversion in /home/ubuntu/workspace/assets/php/contenidos/carro.php on line 5
[28-Apr-2017 12:23:22 America/Bogota] PHP Stack trace:
[28-Apr-2017 12:23:22 America/Bogota] PHP   1. {main}() /home/ubuntu/workspace/assets/php/contenidos/carro.php:0
[28-Apr-2017 12:26:34 America/Bogota] PHP Warning:  Invalid argument supplied for foreach() in /home/ubuntu/workspace/assets/php/contenidos/carro.php on line 7
[28-Apr-2017 12:26:34 America/Bogota] PHP Stack trace:
[28-Apr-2017 12:26:34 America/Bogota] PHP   1. {main}() /home/ubuntu/workspace/assets/php/contenidos/carro.php:0
[28-Apr-2017 12:27:14 America/Bogota] PHP Warning:  Invalid argument supplied for foreach() in /home/ubuntu/workspace/assets/php/contenidos/carro.php on line 8
[28-Apr-2017 12:27:14 America/Bogota] PHP Stack trace:
[28-Apr-2017 12:27:14 America/Bogota] PHP   1. {main}() /home/ubuntu/workspace/assets/php/contenidos/carro.php:0
[28-Apr-2017 12:28:54 America/Bogota] PHP Warning:  Invalid argument supplied for foreach() in /home/ubuntu/workspace/assets/php/contenidos/carro.php on line 8
[28-Apr-2017 12:28:54 America/Bogota] PHP Stack trace:
[28-Apr-2017 12:28:54 America/Bogota] PHP   1. {main}() /home/ubuntu/workspace/assets/php/contenidos/carro.php:0
[28-Apr-2017 12:30:20 America/Bogota] PHP Warning:  Illegal string offset 'cantidad' in /home/ubuntu/workspace/assets/php/contenidos/carro.php on line 9
[28-Apr-2017 12:30:20 America/Bogota] PHP Stack trace:
[28-Apr-2017 12:30:20 America/Bogota] PHP   1. {main}() /home/ubuntu/workspace/assets/php/contenidos/carro.php:0
[28-Apr-2017 12:31:44 America/Bogota] PHP Catchable fatal error:  Object of class stdClass could not be converted to string in /home/ubuntu/workspace/assets/php/contenidos/carro.php on line 7
[28-Apr-2017 12:31:44 America/Bogota] PHP Stack trace:
[28-Apr-2017 12:31:44 America/Bogota] PHP   1. {main}() /home/ubuntu/workspace/assets/php/contenidos/carro.php:0
[28-Apr-2017 12:31:54 America/Bogota] PHP Notice:  Array to string conversion in /home/ubuntu/workspace/assets/php/contenidos/carro.php on line 7
[28-Apr-2017 12:31:54 America/Bogota] PHP Stack trace:
[28-Apr-2017 12:31:54 America/Bogota] PHP   1. {main}() /home/ubuntu/workspace/assets/php/contenidos/carro.php:0
[28-Apr-2017 12:32:17 America/Bogota] PHP Notice:  Array to string conversion in /home/ubuntu/workspace/assets/php/contenidos/carro.php on line 7
[28-Apr-2017 12:32:17 America/Bogota] PHP Stack trace:
[28-Apr-2017 12:32:17 America/Bogota] PHP   1. {main}() /home/ubuntu/workspace/assets/php/contenidos/carro.php:0
[28-Apr-2017 12:32:23 America/Bogota] PHP Notice:  Array to string conversion in /home/ubuntu/workspace/assets/php/contenidos/carro.php on line 7
[28-Apr-2017 12:32:23 America/Bogota] PHP Stack trace:
[28-Apr-2017 12:32:23 America/Bogota] PHP   1. {main}() /home/ubuntu/workspace/assets/php/contenidos/carro.php:0
[28-Apr-2017 12:32:37 America/Bogota] PHP Notice:  Array to string conversion in /home/ubuntu/workspace/assets/php/contenidos/carro.php on line 7
[28-Apr-2017 12:32:37 America/Bogota] PHP Stack trace:
[28-Apr-2017 12:32:37 America/Bogota] PHP   1. {main}() /home/ubuntu/workspace/assets/php/contenidos/carro.php:0
[28-Apr-2017 12:33:04 America/Bogota] PHP Notice:  Array to string conversion in /home/ubuntu/workspace/assets/php/contenidos/carro.php on line 8
[28-Apr-2017 12:33:04 America/Bogota] PHP Stack trace:
[28-Apr-2017 12:33:04 America/Bogota] PHP   1. {main}() /home/ubuntu/workspace/assets/php/contenidos/carro.php:0
[28-Apr-2017 12:34:08 America/Bogota] PHP Fatal error:  Class 'ArrayValue' not found in /home/ubuntu/workspace/assets/php/contenidos/carro.php on line 8
[28-Apr-2017 12:34:08 America/Bogota] PHP Stack trace:
[28-Apr-2017 12:34:08 America/Bogota] PHP   1. {main}() /home/ubuntu/workspace/assets/php/contenidos/carro.php:0
[28-Apr-2017 17:40:31 UTC] PHP Parse error:  syntax error, unexpected 'echo' (T_ECHO) in /home/ubuntu/workspace/assets/php/contenidos/carro.php on line 10
[28-Apr-2017 12:40:43 America/Bogota] PHP Warning:  Invalid argument supplied for foreach() in /home/ubuntu/workspace/assets/php/contenidos/carro.php on line 9
[28-Apr-2017 12:40:43 America/Bogota] PHP Stack trace:
[28-Apr-2017 12:40:43 America/Bogota] PHP   1. {main}() /home/ubuntu/workspace/assets/php/contenidos/carro.php:0
[28-Apr-2017 12:41:26 America/Bogota] PHP Warning:  Illegal string offset 'cantidad' in /home/ubuntu/workspace/assets/php/contenidos/carro.php on line 8
[28-Apr-2017 12:41:26 America/Bogota] PHP Stack trace:
[28-Apr-2017 12:41:26 America/Bogota] PHP   1. {main}() /home/ubuntu/workspace/assets/php/contenidos/carro.php:0
[28-Apr-2017 12:42:55 America/Bogota] PHP Fatal error:  Uncaught exception 'InvalidArgumentException' with message 'Passed variable is not an array or object, using empty array instead' in /home/ubuntu/workspace/assets/php/contenidos/carro.php:10
Stack trace:
#0 /home/ubuntu/workspace/assets/php/contenidos/carro.php(10): ArrayIterator->__construct('["{\"libro\":17...', 1)
#1 {main}
  thrown in /home/ubuntu/workspace/assets/php/contenidos/carro.php on line 10
[28-Apr-2017 12:45:53 America/Bogota] PHP Warning:  json_decode() expects parameter 1 to be string, array given in /home/ubuntu/workspace/assets/php/contenidos/carro.php on line 7
[28-Apr-2017 12:45:53 America/Bogota] PHP Stack trace:
[28-Apr-2017 12:45:53 America/Bogota] PHP   1. {main}() /home/ubuntu/workspace/assets/php/contenidos/carro.php:0
[28-Apr-2017 12:45:53 America/Bogota] PHP   2. json_decode() /home/ubuntu/workspace/assets/php/contenidos/carro.php:7
[28-Apr-2017 12:45:53 America/Bogota] PHP Warning:  Invalid argument supplied for foreach() in /home/ubuntu/workspace/assets/php/contenidos/carro.php on line 9
[28-Apr-2017 12:45:53 America/Bogota] PHP Stack trace:
[28-Apr-2017 12:45:53 America/Bogota] PHP   1. {main}() /home/ubuntu/workspace/assets/php/contenidos/carro.php:0
[28-Apr-2017 12:46:07 America/Bogota] PHP Warning:  json_decode() expects parameter 1 to be string, array given in /home/ubuntu/workspace/assets/php/contenidos/carro.php on line 7
[28-Apr-2017 12:46:07 America/Bogota] PHP Stack trace:
[28-Apr-2017 12:46:07 America/Bogota] PHP   1. {main}() /home/ubuntu/workspace/assets/php/contenidos/carro.php:0
[28-Apr-2017 12:46:07 America/Bogota] PHP   2. json_decode() /home/ubuntu/workspace/assets/php/contenidos/carro.php:7
[28-Apr-2017 12:46:07 America/Bogota] PHP Warning:  Invalid argument supplied for foreach() in /home/ubuntu/workspace/assets/php/contenidos/carro.php on line 9
[28-Apr-2017 12:46:07 America/Bogota] PHP Stack trace:
[28-Apr-2017 12:46:07 America/Bogota] PHP   1. {main}() /home/ubuntu/workspace/assets/php/contenidos/carro.php:0
[28-Apr-2017 12:48:21 America/Bogota] PHP Notice:  Undefined variable: k in /home/ubuntu/workspace/assets/php/contenidos/carro.php on line 10
[28-Apr-2017 12:48:21 America/Bogota] PHP Stack trace:
[28-Apr-2017 12:48:21 America/Bogota] PHP   1. {main}() /home/ubuntu/workspace/assets/php/contenidos/carro.php:0
[28-Apr-2017 12:48:21 America/Bogota] PHP Notice:  Undefined variable: k in /home/ubuntu/workspace/assets/php/contenidos/carro.php on line 10
[28-Apr-2017 12:48:21 America/Bogota] PHP Stack trace:
[28-Apr-2017 12:48:21 America/Bogota] PHP   1. {main}() /home/ubuntu/workspace/assets/php/contenidos/carro.php:0
[28-Apr-2017 12:48:33 America/Bogota] PHP Notice:  Undefined variable: k in /home/ubuntu/workspace/assets/php/contenidos/carro.php on line 10
[28-Apr-2017 12:48:33 America/Bogota] PHP Stack trace:
[28-Apr-2017 12:48:33 America/Bogota] PHP   1. {main}() /home/ubuntu/workspace/assets/php/contenidos/carro.php:0
[28-Apr-2017 12:48:33 America/Bogota] PHP Notice:  Undefined variable: k in /home/ubuntu/workspace/assets/php/contenidos/carro.php on line 10
[28-Apr-2017 12:48:33 America/Bogota] PHP Stack trace:
[28-Apr-2017 12:48:33 America/Bogota] PHP   1. {main}() /home/ubuntu/workspace/assets/php/contenidos/carro.php:0
[28-Apr-2017 12:55:08 America/Bogota] PHP Warning:  Illegal string offset 'libro' in /home/ubuntu/workspace/assets/php/contenidos/carro.php on line 15
[28-Apr-2017 12:55:08 America/Bogota] PHP Stack trace:
[28-Apr-2017 12:55:08 America/Bogota] PHP   1. {main}() /home/ubuntu/workspace/assets/php/contenidos/carro.php:0
[28-Apr-2017 12:55:08 America/Bogota] PHP Notice:  Uninitialized string offset: 0 in /home/ubuntu/workspace/assets/php/contenidos/carro.php on line 15
[28-Apr-2017 12:55:08 America/Bogota] PHP Stack trace:
[28-Apr-2017 12:55:08 America/Bogota] PHP   1. {main}() /home/ubuntu/workspace/assets/php/contenidos/carro.php:0
[28-Apr-2017 12:55:53 America/Bogota] PHP Notice:  Use of undefined constant libro - assumed 'libro' in /home/ubuntu/workspace/assets/php/contenidos/carro.php on line 15
[28-Apr-2017 12:55:53 America/Bogota] PHP Stack trace:
[28-Apr-2017 12:55:53 America/Bogota] PHP   1. {main}() /home/ubuntu/workspace/assets/php/contenidos/carro.php:0
[28-Apr-2017 12:55:53 America/Bogota] PHP Warning:  Illegal string offset 'libro' in /home/ubuntu/workspace/assets/php/contenidos/carro.php on line 15
[28-Apr-2017 12:55:53 America/Bogota] PHP Stack trace:
[28-Apr-2017 12:55:53 America/Bogota] PHP   1. {main}() /home/ubuntu/workspace/assets/php/contenidos/carro.php:0
[28-Apr-2017 12:55:53 America/Bogota] PHP Notice:  Uninitialized string offset: 0 in /home/ubuntu/workspace/assets/php/contenidos/carro.php on line 15
[28-Apr-2017 12:55:53 America/Bogota] PHP Stack trace:
[28-Apr-2017 12:55:53 America/Bogota] PHP   1. {main}() /home/ubuntu/workspace/assets/php/contenidos/carro.php:0
[28-Apr-2017 12:55:53 America/Bogota] PHP Notice:  Use of undefined constant libro - assumed 'libro' in /home/ubuntu/workspace/assets/php/contenidos/carro.php on line 15
[28-Apr-2017 12:55:53 America/Bogota] PHP Stack trace:
[28-Apr-2017 12:55:53 America/Bogota] PHP   1. {main}() /home/ubuntu/workspace/assets/php/contenidos/carro.php:0
[28-Apr-2017 12:55:53 America/Bogota] PHP Notice:  Use of undefined constant libro - assumed 'libro' in /home/ubuntu/workspace/assets/php/contenidos/carro.php on line 15
[28-Apr-2017 12:55:53 America/Bogota] PHP Stack trace:
[28-Apr-2017 12:55:53 America/Bogota] PHP   1. {main}() /home/ubuntu/workspace/assets/php/contenidos/carro.php:0
[28-Apr-2017 12:56:03 America/Bogota] PHP Notice:  Uninitialized string offset: 0 in /home/ubuntu/workspace/assets/php/contenidos/carro.php on line 15
[28-Apr-2017 12:56:03 America/Bogota] PHP Stack trace:
[28-Apr-2017 12:56:03 America/Bogota] PHP   1. {main}() /home/ubuntu/workspace/assets/php/contenidos/carro.php:0
[17-May-2017 18:05:17 UTC] PHP Warning:  require_once(assets/php/system/globals.php): failed to open stream: No such file or directory in /home/ubuntu/workspace/assets/php/contenidos/carro.php on line 2
[17-May-2017 18:05:17 UTC] PHP Stack trace:
[17-May-2017 18:05:17 UTC] PHP   1. {main}() /home/ubuntu/workspace/assets/php/contenidos/carro.php:0
[17-May-2017 18:05:17 UTC] PHP Fatal error:  require_once(): Failed opening required 'assets/php/system/globals.php' (include_path='.:/usr/share/php:/usr/share/pear') in /home/ubuntu/workspace/assets/php/contenidos/carro.php on line 2
[17-May-2017 18:05:17 UTC] PHP Stack trace:
[17-May-2017 18:05:17 UTC] PHP   1. {main}() /home/ubuntu/workspace/assets/php/contenidos/carro.php:0
[17-May-2017 18:09:31 UTC] PHP Warning:  require_once(assets/php/system/globals.php): failed to open stream: No such file or directory in /home/ubuntu/workspace/assets/php/contenidos/carro.php on line 2
[17-May-2017 18:09:31 UTC] PHP Stack trace:
[17-May-2017 18:09:31 UTC] PHP   1. {main}() /home/ubuntu/workspace/assets/php/contenidos/carro.php:0
[17-May-2017 18:09:31 UTC] PHP Fatal error:  require_once(): Failed opening required 'assets/php/system/globals.php' (include_path='.:/usr/share/php:/usr/share/pear') in /home/ubuntu/workspace/assets/php/contenidos/carro.php on line 2
[17-May-2017 18:09:31 UTC] PHP Stack trace:
[17-May-2017 18:09:31 UTC] PHP   1. {main}() /home/ubuntu/workspace/assets/php/contenidos/carro.php:0
[17-May-2017 18:10:07 UTC] PHP Warning:  require_once(assets/php/system/globals.php): failed to open stream: No such file or directory in /home/ubuntu/workspace/assets/php/contenidos/carro.php on line 2
[17-May-2017 18:10:07 UTC] PHP Stack trace:
[17-May-2017 18:10:07 UTC] PHP   1. {main}() /home/ubuntu/workspace/assets/php/contenidos/carro.php:0
[17-May-2017 18:10:07 UTC] PHP Fatal error:  require_once(): Failed opening required 'assets/php/system/globals.php' (include_path='.:/usr/share/php:/usr/share/pear') in /home/ubuntu/workspace/assets/php/contenidos/carro.php on line 2
[17-May-2017 18:10:07 UTC] PHP Stack trace:
[17-May-2017 18:10:07 UTC] PHP   1. {main}() /home/ubuntu/workspace/assets/php/contenidos/carro.php:0
[17-May-2017 18:10:13 UTC] PHP Warning:  require_once(assets/php/system/globals.php): failed to open stream: No such file or directory in /home/ubuntu/workspace/assets/php/contenidos/carro.php on line 2
[17-May-2017 18:10:13 UTC] PHP Stack trace:
[17-May-2017 18:10:13 UTC] PHP   1. {main}() /home/ubuntu/workspace/assets/php/contenidos/carro.php:0
[17-May-2017 18:10:13 UTC] PHP Fatal error:  require_once(): Failed opening required 'assets/php/system/globals.php' (include_path='.:/usr/share/php:/usr/share/pear') in /home/ubuntu/workspace/assets/php/contenidos/carro.php on line 2
[17-May-2017 18:10:13 UTC] PHP Stack trace:
[17-May-2017 18:10:13 UTC] PHP   1. {main}() /home/ubuntu/workspace/assets/php/contenidos/carro.php:0
[17-May-2017 18:10:16 UTC] PHP Warning:  require_once(assets/php/system/globals.php): failed to open stream: No such file or directory in /home/ubuntu/workspace/assets/php/contenidos/carro.php on line 2
[17-May-2017 18:10:16 UTC] PHP Stack trace:
[17-May-2017 18:10:16 UTC] PHP   1. {main}() /home/ubuntu/workspace/assets/php/contenidos/carro.php:0
[17-May-2017 18:10:16 UTC] PHP Fatal error:  require_once(): Failed opening required 'assets/php/system/globals.php' (include_path='.:/usr/share/php:/usr/share/pear') in /home/ubuntu/workspace/assets/php/contenidos/carro.php on line 2
[17-May-2017 18:10:16 UTC] PHP Stack trace:
[17-May-2017 18:10:16 UTC] PHP   1. {main}() /home/ubuntu/workspace/assets/php/contenidos/carro.php:0
[17-May-2017 18:12:30 UTC] PHP Warning:  require_once(assets/php/system/globals.php): failed to open stream: No such file or directory in /home/ubuntu/workspace/assets/php/contenidos/carro.php on line 2
[17-May-2017 18:12:30 UTC] PHP Stack trace:
[17-May-2017 18:12:30 UTC] PHP   1. {main}() /home/ubuntu/workspace/assets/php/contenidos/carro.php:0
[17-May-2017 18:12:30 UTC] PHP Fatal error:  require_once(): Failed opening required 'assets/php/system/globals.php' (include_path='.:/usr/share/php:/usr/share/pear') in /home/ubuntu/workspace/assets/php/contenidos/carro.php on line 2
[17-May-2017 18:12:30 UTC] PHP Stack trace:
[17-May-2017 18:12:30 UTC] PHP   1. {main}() /home/ubuntu/workspace/assets/php/contenidos/carro.php:0
[17-May-2017 19:15:50 UTC] PHP Warning:  require_once(assets/php/system/globals.php): failed to open stream: No such file or directory in /home/ubuntu/workspace/assets/php/contenidos/carro.php on line 2
[17-May-2017 19:15:50 UTC] PHP Stack trace:
[17-May-2017 19:15:50 UTC] PHP   1. {main}() /home/ubuntu/workspace/assets/php/contenidos/carro.php:0
[17-May-2017 19:15:50 UTC] PHP Fatal error:  require_once(): Failed opening required 'assets/php/system/globals.php' (include_path='.:/usr/share/php:/usr/share/pear') in /home/ubuntu/workspace/assets/php/contenidos/carro.php on line 2
[17-May-2017 19:15:50 UTC] PHP Stack trace:
[17-May-2017 19:15:50 UTC] PHP   1. {main}() /home/ubuntu/workspace/assets/php/contenidos/carro.php:0
[17-May-2017 19:15:53 UTC] PHP Warning:  require_once(assets/php/system/globals.php): failed to open stream: No such file or directory in /home/ubuntu/workspace/assets/php/contenidos/carro.php on line 2
[17-May-2017 19:15:53 UTC] PHP Stack trace:
[17-May-2017 19:15:53 UTC] PHP   1. {main}() /home/ubuntu/workspace/assets/php/contenidos/carro.php:0
[17-May-2017 19:15:53 UTC] PHP Fatal error:  require_once(): Failed opening required 'assets/php/system/globals.php' (include_path='.:/usr/share/php:/usr/share/pear') in /home/ubuntu/workspace/assets/php/contenidos/carro.php on line 2
[17-May-2017 19:15:53 UTC] PHP Stack trace:
[17-May-2017 19:15:53 UTC] PHP   1. {main}() /home/ubuntu/workspace/assets/php/contenidos/carro.php:0
[17-May-2017 19:19:01 UTC] PHP Warning:  require_once(assets/php/system/globals.php): failed to open stream: No such file or directory in /home/ubuntu/workspace/assets/php/contenidos/carro.php on line 2
[17-May-2017 19:19:01 UTC] PHP Stack trace:
[17-May-2017 19:19:01 UTC] PHP   1. {main}() /home/ubuntu/workspace/assets/php/contenidos/carro.php:0
[17-May-2017 19:19:01 UTC] PHP Fatal error:  require_once(): Failed opening required 'assets/php/system/globals.php' (include_path='.:/usr/share/php:/usr/share/pear') in /home/ubuntu/workspace/assets/php/contenidos/carro.php on line 2
[17-May-2017 19:19:01 UTC] PHP Stack trace:
[17-May-2017 19:19:01 UTC] PHP   1. {main}() /home/ubuntu/workspace/assets/php/contenidos/carro.php:0
[17-May-2017 19:19:47 UTC] PHP Warning:  require_once(assets/php/system/globals.php): failed to open stream: No such file or directory in /home/ubuntu/workspace/assets/php/contenidos/carro.php on line 2
[17-May-2017 19:19:47 UTC] PHP Stack trace:
[17-May-2017 19:19:47 UTC] PHP   1. {main}() /home/ubuntu/workspace/assets/php/contenidos/carro.php:0
[17-May-2017 19:19:47 UTC] PHP Fatal error:  require_once(): Failed opening required 'assets/php/system/globals.php' (include_path='.:/usr/share/php:/usr/share/pear') in /home/ubuntu/workspace/assets/php/contenidos/carro.php on line 2
[17-May-2017 19:19:47 UTC] PHP Stack trace:
[17-May-2017 19:19:47 UTC] PHP   1. {main}() /home/ubuntu/workspace/assets/php/contenidos/carro.php:0
[17-May-2017 19:50:38 UTC] PHP Warning:  require_once(assets/php/system/globals.php): failed to open stream: No such file or directory in /home/ubuntu/workspace/assets/php/contenidos/carro.php on line 2
[17-May-2017 19:50:38 UTC] PHP Stack trace:
[17-May-2017 19:50:38 UTC] PHP   1. {main}() /home/ubuntu/workspace/assets/php/contenidos/carro.php:0
[17-May-2017 19:50:38 UTC] PHP Fatal error:  require_once(): Failed opening required 'assets/php/system/globals.php' (include_path='.:/usr/share/php:/usr/share/pear') in /home/ubuntu/workspace/assets/php/contenidos/carro.php on line 2
[17-May-2017 19:50:38 UTC] PHP Stack trace:
[17-May-2017 19:50:38 UTC] PHP   1. {main}() /home/ubuntu/workspace/assets/php/contenidos/carro.php:0
[17-May-2017 20:01:26 UTC] PHP Warning:  require_once(assets/php/system/globals.php): failed to open stream: No such file or directory in /home/ubuntu/workspace/assets/php/contenidos/carro.php on line 2
[17-May-2017 20:01:26 UTC] PHP Stack trace:
[17-May-2017 20:01:26 UTC] PHP   1. {main}() /home/ubuntu/workspace/assets/php/contenidos/carro.php:0
[17-May-2017 20:01:26 UTC] PHP Fatal error:  require_once(): Failed opening required 'assets/php/system/globals.php' (include_path='.:/usr/share/php:/usr/share/pear') in /home/ubuntu/workspace/assets/php/contenidos/carro.php on line 2
[17-May-2017 20:01:26 UTC] PHP Stack trace:
[17-May-2017 20:01:26 UTC] PHP   1. {main}() /home/ubuntu/workspace/assets/php/contenidos/carro.php:0
[17-May-2017 20:02:25 UTC] PHP Warning:  require_once(assets/php/system/globals.php): failed to open stream: No such file or directory in /home/ubuntu/workspace/assets/php/contenidos/carro.php on line 2
[17-May-2017 20:02:25 UTC] PHP Stack trace:
[17-May-2017 20:02:25 UTC] PHP   1. {main}() /home/ubuntu/workspace/assets/php/contenidos/carro.php:0
[17-May-2017 20:02:25 UTC] PHP Fatal error:  require_once(): Failed opening required 'assets/php/system/globals.php' (include_path='.:/usr/share/php:/usr/share/pear') in /home/ubuntu/workspace/assets/php/contenidos/carro.php on line 2
[17-May-2017 20:02:25 UTC] PHP Stack trace:
[17-May-2017 20:02:25 UTC] PHP   1. {main}() /home/ubuntu/workspace/assets/php/contenidos/carro.php:0
